1

ArduCopter V3.1.2 (ddd4d881)
Free RAM: 843
APM 2
FMT, 128, 89, FMT, BBnNZ, Type,Length,Name,Format
FMT, 129, 23, PARM, Nf, Name,Value
FMT, 130, 45, GPS, BIHBcLLeeEefI, Status,TimeMS,Week,NSats,HDop,Lat,Lng,RelAlt,Alt,Spd,GCrs,VZ,T
FMT, 131, 31, IMU, Iffffff, TimeMS,GyrX,GyrY,GyrZ,AccX,AccY,AccZ
FMT, 132, 67, MSG, Z, Message
FMT, 25, 25, ATUN, BBfffff, Axis,TuneStep,RateMin,RateMax,RPGain,RDGain,SPGain
FMT, 26, 9, ATDE, cf, Angle,Rate
FMT, 9, 19, CURR, hIhhhf, ThrOut,ThrInt,Volt,Curr,Vcc,CurrTot
FMT, 11, 15, MOT, hhhhhh, Mot1,Mot2,Mot3,Mot4,Mot5,Mot6
FMT, 12, 28, OF, hhBccffee, Dx,Dy,SQual,X,Y,Lat,Lng,Roll,Pitch
FMT, 5, 49, NTUN, Ecffffffffee, WPDst,WPBrg,PErX,PErY,DVelX,DVelY,VelX,VelY,DAcX,DAcY,DRol,DPit
FMT, 4, 25, CTUN, hcefchhhh, ThrIn,SonAlt,BarAlt,WPAlt,DesSonAlt,AngBst,CRate,ThrOut,DCRate
FMT, 15, 21, MAG, hhhhhhhhh, MagX,MagY,MagZ,OfsX,OfsY,OfsZ,MOfsX,MOfsY,MOfsZ
FMT, 6, 19, PM, BBHHIhBHB, RenCnt,RenBlw,NLon,NLoop,MaxT,PMT,I2CErr,INSErr,INAVErr
FMT, 8, 20, CMD, BBBBBeLL, CTot,CNum,CId,COpt,Prm1,Alt,Lat,Lng
FMT, 1, 17, ATT, cccccCC, RollIn,Roll,PitchIn,Pitch,YawIn,Yaw,NavYaw
FMT, 17, 37, INAV, cccfffiiff, BAlt,IAlt,IClb,ACorrX,ACorrY,ACorrZ,GLat,GLng,ILat,ILng
FMT, 3, 6, MODE, Mh, Mode,ThrCrs
FMT, 10, 3, STRT, , 
FMT, 13, 4, EV, B, Id
FMT, 20, 6, D16, Bh, Id,Value
FMT, 21, 6, DU16, BH, Id,Value
FMT, 22, 8, D32, Bi, Id,Value
FMT, 23, 8, DU32, BI, Id,Value
FMT, 24, 8, DFLT, Bf, Id,Value
FMT, 14, 28, PID, Biiiiif, Id,Error,P,I,D,Out,Gain
FMT, 18, 27, CAM, IHLLeccC, GPSTime,GPSWeek,Lat,Lng,Alt,Roll,Pitch,Yaw
FMT, 19, 5, ERR, BB, Subsys,ECode
PARM, SYSID_SW_MREV, 120.0000
PARM, SYSID_SW_TYPE, 10.00000
PARM, SYSID_THISMAV, 1.000000
PARM, SYSID_MYGCS, 255.0000
PARM, SERIAL1_BAUD, 57.00000
PARM, TELEM_DELAY, 0.000000
PARM, RTL_ALT, 1500.000
PARM, SONAR_ENABLE, 0.000000
PARM, SONAR_TYPE, 0.000000
PARM, SONAR_GAIN, 0.800000
PARM, FS_BATT_ENABLE, 0.000000
PARM, FS_BATT_VOLTAGE, 10.50000
PARM, FS_BATT_MAH, 0.000000
PARM, FS_GPS_ENABLE, 1.000000
PARM, FS_GCS_ENABLE, 0.000000
PARM, GPS_HDOP_GOOD, 200.0000
PARM, MAG_ENABLE, 1.000000
PARM, FLOW_ENABLE, 0.000000
PARM, SUPER_SIMPLE, 0.000000
PARM, RTL_ALT_FINAL, 0.000000
PARM, RSSI_PIN, -1.000000
PARM, WP_YAW_BEHAVIOR, 2.000000
PARM, WP_TOTAL, 17.00000
PARM, WP_INDEX, 0.000000
PARM, CIRCLE_RADIUS, 10.00000
PARM, CIRCLE_RATE, 20.00000
PARM, RTL_LOIT_TIME, 5000.000
PARM, LAND_SPEED, 50.00000
PARM, PILOT_VELZ_MAX, 250.0000
PARM, THR_MIN, 130.0000
PARM, THR_MAX, 1000.000
PARM, FS_THR_ENABLE, 1.000000
PARM, FS_THR_VALUE, 950.0000
PARM, TRIM_THROTTLE, 579.0000
PARM, THR_MID, 500.0000
PARM, FLTMODE1, 0.000000
PARM, FLTMODE2, 0.000000
PARM, FLTMODE3, 5.000000
PARM, FLTMODE4, 5.000000
PARM, FLTMODE5, 5.000000
PARM, FLTMODE6, 3.000000
PARM, SIMPLE, 0.000000
PARM, LOG_BITMASK, -32768.00
PARM, ESC, 0.000000
PARM, TUNE, 0.000000
PARM, TUNE_LOW, 0.000000
PARM, TUNE_HIGH, 1000.000
PARM, FRAME, 1.000000
PARM, CH7_OPT, 9.000000
PARM, CH8_OPT, 0.000000
PARM, ARMING_CHECK, 1.000000
PARM, ANGLE_MAX, 4500.000
PARM, ANGLE_RATE_MAX, 18000.00
PARM, RC1_MIN, 988.0000
PARM, RC1_TRIM, 1501.000
PARM, RC1_MAX, 2013.000
PARM, RC1_REV, 1.000000
PARM, RC1_DZ, 30.00000
PARM, RC2_MIN, 989.0000
PARM, RC2_TRIM, 1502.000
PARM, RC2_MAX, 2015.000
PARM, RC2_REV, 1.000000
PARM, RC2_DZ, 30.00000
PARM, RC3_MIN, 990.0000
PARM, RC3_TRIM, 1003.000
PARM, RC3_MAX, 2014.000
PARM, RC3_REV, 1.000000
PARM, RC3_DZ, 30.00000
PARM, RC4_MIN, 990.0000
PARM, RC4_TRIM, 1500.000
PARM, RC4_MAX, 2014.000
PARM, RC4_REV, 1.000000
PARM, RC4_DZ, 40.00000
PARM, RC5_MIN, 990.0000
PARM, RC5_TRIM, 990.0000
PARM, RC5_MAX, 2014.000
PARM, RC5_REV, 1.000000
PARM, RC5_DZ, 0.000000
PARM, RC5_FUNCTION, 0.000000
PARM, RC6_MIN, 1501.000
PARM, RC6_TRIM, 1502.000
PARM, RC6_MAX, 1502.000
PARM, RC6_REV, 1.000000
PARM, RC6_DZ, 0.000000
PARM, RC6_FUNCTION, 0.000000
PARM, RC7_MIN, 1498.000
PARM, RC7_TRIM, 1499.000
PARM, RC7_MAX, 1499.000
PARM, RC7_REV, 1.000000
PARM, RC7_DZ, 0.000000
PARM, RC7_FUNCTION, 0.000000
PARM, RC8_MIN, 1420.000
PARM, RC8_TRIM, 1498.000
PARM, RC8_MAX, 1750.000
PARM, RC8_REV, 1.000000
PARM, RC8_DZ, 0.000000
PARM, RC8_FUNCTION, 10.00000
PARM, RC10_MIN, 1100.000
PARM, RC10_TRIM, 1500.000
PARM, RC10_MAX, 1900.000
PARM, RC10_REV, 1.000000
PARM, RC10_DZ, 0.000000
PARM, RC10_FUNCTION, 7.000000
PARM, RC11_MIN, 1200.000
PARM, RC11_TRIM, 1500.000
PARM, RC11_MAX, 1800.000
PARM, RC11_REV, 1.000000
PARM, RC11_DZ, 0.000000
PARM, RC11_FUNCTION, 8.000000
PARM, RC_SPEED, 400.0000
PARM, ACRO_RP_P, 4.500000
PARM, ACRO_YAW_P, 4.500000
PARM, ACRO_BAL_ROLL, 1.000000
PARM, ACRO_BAL_PITCH, 1.000000
PARM, ACRO_TRAINER, 2.000000
PARM, LED_MODE, 9.000000
PARM, RATE_RLL_P, 0.150000
PARM, RATE_RLL_I, 0.100000
PARM, RATE_RLL_D, 0.004000
PARM, RATE_RLL_IMAX, 500.0000
PARM, RATE_PIT_P, 0.150000
PARM, RATE_PIT_I, 0.100000
PARM, RATE_PIT_D, 0.004000
PARM, RATE_PIT_IMAX, 500.0000
PARM, RATE_YAW_P, 0.200000
PARM, RATE_YAW_I, 0.020000
PARM, RATE_YAW_D, 0.000000
PARM, RATE_YAW_IMAX, 800.0000
PARM, LOITER_LAT_P, 1.000000
PARM, LOITER_LAT_I, 0.500000
PARM, LOITER_LAT_D, 0.000000
PARM, LOITER_LAT_IMAX, 400.0000
PARM, LOITER_LON_P, 1.000000
PARM, LOITER_LON_I, 0.500000
PARM, LOITER_LON_D, 0.000000
PARM, LOITER_LON_IMAX, 400.0000
PARM, THR_RATE_P, 6.000000
PARM, THR_RATE_I, 0.000000
PARM, THR_RATE_D, 0.000000
PARM, THR_RATE_IMAX, 300.0000
PARM, THR_ACCEL_P, 0.500000
PARM, THR_ACCEL_I, 1.000000
PARM, THR_ACCEL_D, 0.000000
PARM, THR_ACCEL_IMAX, 500.0000
PARM, OF_RLL_P, 2.500000
PARM, OF_RLL_I, 0.500000
PARM, OF_RLL_D, 0.120000
PARM, OF_RLL_IMAX, 100.0000
PARM, OF_PIT_P, 2.500000
PARM, OF_PIT_I, 0.500000
PARM, OF_PIT_D, 0.120000
PARM, OF_PIT_IMAX, 100.0000
PARM, STB_RLL_P, 3.500000
PARM, STB_RLL_I, 0.000000
PARM, STB_RLL_IMAX, 0.000000
PARM, STB_PIT_P, 3.500000
PARM, STB_PIT_I, 0.000000
PARM, STB_PIT_IMAX, 0.000000
PARM, STB_YAW_P, 4.000000
PARM, STB_YAW_I, 0.000000
PARM, STB_YAW_IMAX, 0.000000
PARM, THR_ALT_P, 1.000000
PARM, THR_ALT_I, 0.000000
PARM, THR_ALT_IMAX, 300.0000
PARM, HLD_LAT_P, 0.200000
PARM, HLD_LAT_I, 0.000000
PARM, HLD_LAT_IMAX, 0.000000
PARM, HLD_LON_P, 0.200000
PARM, HLD_LON_I, 0.000000
PARM, HLD_LON_IMAX, 0.000000
PARM, CAM_TRIGG_TYPE, 0.000000
PARM, CAM_DURATION, 10.00000
PARM, CAM_SERVO_ON, 1750.000
PARM, CAM_SERVO_OFF, 1420.000
PARM, CAM_TRIGG_DIST, 0.000000
PARM, RELAY_PIN, 13.00000
PARM, COMPASS_OFS_X, -36.27837
PARM, COMPASS_OFS_Y, 21.67698
PARM, COMPASS_OFS_Z, 44.11228
PARM, COMPASS_DEC, 0.000000
PARM, COMPASS_LEARN, 0.000000
PARM, COMPASS_USE, 1.000000
PARM, COMPASS_AUTODEC, 1.000000
PARM, COMPASS_MOTCT, 0.000000
PARM, COMPASS_MOT_X, 0.000000
PARM, COMPASS_MOT_Y, 0.000000
PARM, COMPASS_MOT_Z, 0.000000
PARM, COMPASS_ORIENT, 8.000000
PARM, COMPASS_EXTERNAL, 1.000000
PARM, INS_PRODUCT_ID, 88.00000
PARM, INS_ACCSCAL_X, 0.995415
PARM, INS_ACCSCAL_Y, 0.999788
PARM, INS_ACCSCAL_Z, 0.981028
PARM, INS_ACCOFFS_X, 0.070472
PARM, INS_ACCOFFS_Y, 0.333021
PARM, INS_ACCOFFS_Z, 1.128915
PARM, INS_GYROFFS_X, -0.006535
PARM, INS_GYROFFS_Y, 0.005229
PARM, INS_GYROFFS_Z, -0.001439
PARM, INS_MPU6K_FILTER, 0.000000
PARM, INAV_TC_XY, 1.000000
PARM, INAV_TC_Z, 5.000000
PARM, WPNAV_SPEED, 500.0000
PARM, WPNAV_RADIUS, 200.0000
PARM, WPNAV_SPEED_UP, 250.0000
PARM, WPNAV_SPEED_DN, 150.0000
PARM, WPNAV_LOIT_SPEED, 500.0000
PARM, WPNAV_ACCEL, 100.0000
PARM, SR0_RAW_SENS, 2.000000
PARM, SR0_EXT_STAT, 2.000000
PARM, SR0_RC_CHAN, 2.000000
PARM, SR0_RAW_CTRL, 0.000000
PARM, SR0_POSITION, 3.000000
PARM, SR0_EXTRA1, 10.00000
PARM, SR0_EXTRA2, 10.00000
PARM, SR0_EXTRA3, 2.000000
PARM, SR0_PARAMS, 10.00000
PARM, SR1_RAW_SENS, 0.000000
PARM, SR1_EXT_STAT, 0.000000
PARM, SR1_RC_CHAN, 0.000000
PARM, SR1_RAW_CTRL, 0.000000
PARM, SR1_POSITION, 0.000000
PARM, SR1_EXTRA1, 0.000000
PARM, SR1_EXTRA2, 0.000000
PARM, SR1_EXTRA3, 0.000000
PARM, SR1_PARAMS, 0.000000
PARM, AHRS_GPS_GAIN, 1.000000
PARM, AHRS_GPS_USE, 1.000000
PARM, AHRS_YAW_P, 0.100000
PARM, AHRS_RP_P, 0.100000
PARM, AHRS_WIND_MAX, 0.000000
PARM, AHRS_TRIM_X, -0.000913
PARM, AHRS_TRIM_Y, 0.052142
PARM, AHRS_TRIM_Z, 0.000000
PARM, AHRS_ORIENTATION, 0.000000
PARM, AHRS_COMP_BETA, 0.100000
PARM, AHRS_GPS_MINSATS, 6.000000
PARM, AHRS_GPS_DELAY, 2.000000
PARM, MNT_MODE, 3.000000
PARM, MNT_RETRACT_X, 0.000000
PARM, MNT_RETRACT_Y, 0.000000
PARM, MNT_RETRACT_Z, 0.000000
PARM, MNT_NEUTRAL_X, 0.000000
PARM, MNT_NEUTRAL_Y, 0.000000
PARM, MNT_NEUTRAL_Z, 0.000000
PARM, MNT_CONTROL_X, 0.000000
PARM, MNT_CONTROL_Y, 0.000000
PARM, MNT_CONTROL_Z, 0.000000
PARM, MNT_STAB_ROLL, 1.000000
PARM, MNT_STAB_TILT, 1.000000
PARM, MNT_STAB_PAN, 0.000000
PARM, MNT_RC_IN_ROLL, 0.000000
PARM, MNT_ANGMIN_ROL, -1600.000
PARM, MNT_ANGMAX_ROL, 1500.000
PARM, MNT_RC_IN_TILT, 0.000000
PARM, MNT_ANGMIN_TIL, -1000.000
PARM, MNT_ANGMAX_TIL, 1000.000
PARM, MNT_RC_IN_PAN, 0.000000
PARM, MNT_ANGMIN_PAN, -4500.000
PARM, MNT_ANGMAX_PAN, 4500.000
PARM, MNT_JSTICK_SPD, 0.000000
PARM, BATT_MONITOR, 4.000000
PARM, BATT_VOLT_PIN, 13.00000
PARM, BATT_CURR_PIN, 12.00000
PARM, BATT_VOLT_MULT, 10.10000
PARM, BATT_AMP_PERVOLT, 17.00000
PARM, BATT_AMP_OFFSET, 0.000000
PARM, BATT_CAPACITY, 14000.00
PARM, GND_ABS_PRESS, 98564.76
PARM, GND_TEMP, 34.39109
PARM, GND_ALT_OFFSET, 0.000000
PARM, SCHED_DEBUG, 0.000000
PARM, FENCE_ENABLE, 0.000000
PARM, FENCE_TYPE, 3.000000
PARM, FENCE_ACTION, 1.000000
PARM, FENCE_ALT_MAX, 100.0000
PARM, FENCE_RADIUS, 150.0000
PARM, FENCE_MARGIN, 2.000000
PARM, GPSGLITCH_ENABLE, 1.000000
PARM, GPSGLITCH_RADIUS, 100.0000
PARM, GPSGLITCH_ACCEL, 800.0000
PARM, MOT_TCRV_ENABLE, 1.000000
PARM, MOT_TCRV_MIDPCT, 52.00000
PARM, MOT_TCRV_MAXPCT, 93.00000
PARM, MOT_SPIN_ARMED, 0.000000
PARM, RCMAP_ROLL, 1.000000
PARM, RCMAP_PITCH, 2.000000
PARM, RCMAP_THROTTLE, 3.000000
PARM, RCMAP_YAW, 4.000000
MSG, ArduCopter V3.1.2 (ddd4d881)
MODE, STABILIZE, 579
D32, 9, 18287
EV, 10
EV, 15
EV, 28
DU32, 7, 272473
EV, 15
EV, 15
DU32, 7, 272505
DU32, 7, 272505
DU32, 7, 272505
DU32, 7, 272505
EV, 16
DU32, 7, 272761
DU32, 7, 272761
DU32, 7, 272761
DU32, 7, 272761
MODE, LOITER, 554
DU32, 7, 272761
DU32, 7, 272761
MODE, AUTO, 556
DU32, 7, 272761
DU32, 7, 272761
DU32, 7, 272761
DU32, 7, 272761
DU32, 7, 272761
DU32, 7, 272761
DU32, 7, 272761
DU32, 7, 272761
DU32, 7, 272761
DU32, 7, 272761
DU32, 7, 272761
DU32, 7, 272761
DU32, 7, 272761
DU32, 7, 272761
DU32, 7, 272761
DU32, 7, 272761
DU32, 7, 272761
DU32, 7, 272761
DU32, 7, 272761
CAM, 137066000, 1805, 41.7799665, 0.7014629, 29.81, 3.59, -3.19, 238.46
DU32, 7, 272761
DU32, 7, 272761
DU32, 7, 272761
DU32, 7, 272761
DU32, 7, 272761
DU32, 7, 272761
DU32, 7, 272761
DU32, 7, 272761
DU32, 7, 272761
DU32, 7, 272761
DU32, 7, 272761
DU32, 7, 272761
DU32, 7, 272761
DU32, 7, 272761
DU32, 7, 272761
DU32, 7, 272761
DU32, 7, 272761
DU32, 7, 272761
DU32, 7, 272761
DU32, 7, 272761
DU32, 7, 272761
DU32, 7, 272761
DU32, 7, 272761
DU32, 7, 272761
CAM, 137089600, 1805, 41.7799005, 0.7013055, 29.97, 4.23, -1.91, 231.23
DU32, 7, 272761
DU32, 7, 272761
DU32, 7, 272761
DU32, 7, 272761
DU32, 7, 272761
DU32, 7, 272761
DU32, 7, 272761
DU32, 7, 272761
DU32, 7, 272761
DU32, 7, 272761
DU32, 7, 272761
DU32, 7, 272761
DU32, 7, 272761
DU32, 7, 272761
DU32, 7, 272761
DU32, 7, 272761
DU32, 7, 272761
DU32, 7, 272761
DU32, 7, 272761
DU32, 7, 272761
DU32, 7, 272761
CAM, 137111400, 1805, 41.7798143, 0.7012107, 29.97, 1.10, -0.10, 205.63
DU32, 7, 272761
DU32, 7, 272761
DU32, 7, 272761
DU32, 7, 272761
DU32, 7, 272761
DU32, 7, 272761
DU32, 7, 272761
DU32, 7, 272761
DU32, 7, 272761
DU32, 7, 272761
DU32, 7, 272761
DU32, 7, 272761
DU32, 7, 272761
DU32, 7, 272761
DU32, 7, 272761
DU32, 7, 272761
DU32, 7, 272761
DU32, 7, 272761
DU32, 7, 272761
DU32, 7, 272761
DU32, 7, 272761
DU32, 7, 272761
DU32, 7, 272761
DU32, 7, 272761
DU32, 7, 272761
DU32, 7, 272761
DU32, 7, 272761
DU32, 7, 272761
CAM, 137139200, 1805, 41.7799123, 0.7009872, 30.29, 1.38, -5.51, 316.07
DU32, 7, 272761
DU32, 7, 272761
DU32, 7, 272761
DU32, 7, 272761
DU32, 7, 272761
DU32, 7, 272761
DU32, 7, 272761
DU32, 7, 272761
DU32, 7, 272761
DU32, 7, 272761
DU32, 7, 272761
DU32, 7, 272761
DU32, 7, 272761
DU32, 7, 272761
DU32, 7, 272761
DU32, 7, 272761
DU32, 7, 272761
DU32, 7, 272761
DU32, 7, 272761
DU32, 7, 272761
DU32, 7, 272761
DU32, 7, 272761
DU32, 7, 272761
DU32, 7, 272761
DU32, 7, 272761
CAM, 137163600, 1805, 41.7800280, 0.7011404, 29.86, -2.83, -1.13, 50.56
DU32, 7, 272761
DU32, 7, 272761
DU32, 7, 272761
DU32, 7, 272761
DU32, 7, 272761
DU32, 7, 272761
DU32, 7, 272761
DU32, 7, 272761
DU32, 7, 272761
DU32, 7, 272761
DU32, 7, 272761
DU32, 7, 272761
DU32, 7, 272761
DU32, 7, 272761
DU32, 7, 272761
DU32, 7, 272761
DU32, 7, 272761
MODE, STABILIZE, 619
DU32, 7, 272761
DU32, 7, 272761
DU32, 7, 272761
DU32, 7, 272761
DU32, 7, 272761
DU32, 7, 272761
DU32, 7, 272761
DU32, 7, 272761
DU32, 7, 272761
DU32, 7, 272761
DU32, 7, 272761
DU32, 7, 272761
DU32, 7, 272761
DU32, 7, 272761
DU32, 7, 272761
DU32, 7, 272761
DU32, 7, 272761
DU32, 7, 272761
DU32, 7, 272761
DU32, 7, 272761
DU32, 7, 272761
DU32, 7, 272761
DU32, 7, 272761
DU32, 7, 272761
DU32, 7, 272761
DU32, 7, 272761
DU32, 7, 272761
DU32, 7, 272761
DU32, 7, 272761
DU32, 7, 272729
DU32, 7, 272729
EV, 18
EV, 28
DU32, 7, 272729
DU32, 7, 272729
DU32, 7, 272729
DU32, 7, 272729
EV, 11
DU32, 7, 272473
DU32, 7, 272473
DU32, 7, 272473
DU32, 7, 272473
EV, 18
DU32, 7, 272985
DU32, 7, 272985
DU32, 7, 272985
DU32, 7, 272985
DU32, 7, 272985
DU32, 7, 272985
DU32, 7, 272985
DU32, 7, 272985
DU32, 7, 272985
DU32, 7, 272985
DU32, 7, 272985
DU32, 7, 272985
DU32, 7, 272985
DU32, 7, 272985
DU32, 7, 4278463065
